<?xml version="1.0" encoding="UTF-8"?>
<!-- Generated by org.testng.reporters.JUnitXMLReporter -->
<testsuite ignored="0" hostname="Trinitys-MacBook-Pro.local" failures="0" tests="17" name="Regression" time="141.494" errors="0" timestamp="2021-07-16T09:09:04 BST">
  <testcase classname="crudTests.PositiveTests" name="webCreateComp_PT" time="6.469"/>
  <testcase classname="crudTests.PositiveTests" name="webDeleteComp_PT" time="1.057"/>
  <testcase classname="crudTests.PositiveTests" name="webUpdateComp_PT" time="1.442"/>
  <testcase classname="crudTests.NegativeTests" name="webCreateComp_NT" time="21.925"/>
  <testcase classname="crudTests.NegativeTests" name="webCreateComp_NT" time="2.969"/>
  <testcase classname="crudTests.NegativeTests" name="webCreateComp_NT" time="0.957"/>
  <testcase classname="crudTests.NegativeTests" name="webCreateComp_NT" time="0.672"/>
  <testcase classname="crudTests.NegativeTests" name="webDeleteComp_NT" time="0.752"/>
  <testcase classname="crudTests.NegativeTests" name="webUpdateComp_NT" time="1.086"/>
  <testcase classname="crudTests.NegativeTests" name="webUpdateComp_NT" time="0.993"/>
  <testcase classname="crudTests.NegativeTests" name="webUpdateComp_NT" time="0.938"/>
  <testcase classname="crudTests.NegativeTests" name="webUpdateComp_NT" time="0.688"/>
  <testcase classname="edgeTests.FilterComputer" name="webFilterName" time="1.392"/>
  <testcase classname="edgeTests.FilterComputer" name="webFilterName" time="0.247"/>
  <testcase classname="edgeTests.FilterComputer" name="webFilterName" time="0.338"/>
  <testcase classname="edgeTests.FilterComputer" name="webFilterName" time="0.258"/>
  <testcase classname="edgeTests.FilterComputer" name="webFilterName" time="0.08"/>
</testsuite> <!-- Regression -->
