<?xml version="1.0" encoding="UTF-8"?>
<!-- Generated by org.testng.reporters.JUnitXMLReporter -->
<testsuite ignored="0" hostname="Trinitys-MacBook-Pro.local" failures="0" tests="3" name="Test" time="66.323" errors="0" timestamp="2021-07-12T16:00:15 BST">
  <testcase classname="Application.validateMsg" name="createNew" time="0.582"/>
  <testcase classname="Application.AppTest" name="shouldAnswerWithTrue" time="0.001"/>
  <testcase classname="Application.ListPage" name="createNew" time="2.023"/>
</testsuite> <!-- Test -->
