<?xml version="1.0" encoding="UTF-8"?>
<!-- Generated by org.testng.reporters.JUnitXMLReporter -->
<testsuite ignored="0" hostname="Trinitys-MacBook-Pro.local" failures="0" tests="17" name="Regression" time="125.368" errors="0" timestamp="2021-07-16T09:15:02 BST">
  <testcase classname="crudTests.PositiveTests" name="webCreateComp_PT" time="4.51"/>
  <testcase classname="crudTests.PositiveTests" name="webDeleteComp_PT" time="0.578"/>
  <testcase classname="crudTests.PositiveTests" name="webUpdateComp_PT" time="0.978"/>
  <testcase classname="crudTests.NegativeTests" name="webCreateComp_NT" time="1.098"/>
  <testcase classname="crudTests.NegativeTests" name="webCreateComp_NT" time="0.848"/>
  <testcase classname="crudTests.NegativeTests" name="webCreateComp_NT" time="0.854"/>
  <testcase classname="crudTests.NegativeTests" name="webCreateComp_NT" time="0.633"/>
  <testcase classname="crudTests.NegativeTests" name="webDeleteComp_NT" time="0.318"/>
  <testcase classname="crudTests.NegativeTests" name="webUpdateComp_NT" time="0.863"/>
  <testcase classname="crudTests.NegativeTests" name="webUpdateComp_NT" time="0.857"/>
  <testcase classname="crudTests.NegativeTests" name="webUpdateComp_NT" time="0.816"/>
  <testcase classname="crudTests.NegativeTests" name="webUpdateComp_NT" time="0.663"/>
  <testcase classname="edgeTests.FilterComputer" name="webFilterName" time="0.548"/>
  <testcase classname="edgeTests.FilterComputer" name="webFilterName" time="0.246"/>
  <testcase classname="edgeTests.FilterComputer" name="webFilterName" time="0.203"/>
  <testcase classname="edgeTests.FilterComputer" name="webFilterName" time="0.209"/>
  <testcase classname="edgeTests.FilterComputer" name="webFilterName" time="0.039"/>
</testsuite> <!-- Regression -->
