<?xml version="1.0" encoding="UTF-8"?>
<testsuite xmlns:xsi="http://www.w3.org/2001/XMLSchema-instance" xsi:noNamespaceSchemaLocation="https://maven.apache.org/surefire/maven-surefire-plugin/xsd/surefire-test-report-3.0.xsd" version="3.0" name="TestSuite" time="131.21" tests="17" errors="0" skipped="0" failures="0">
  <properties>
[...]
</properties>
  <testcase name="webCreateComp_PT[TD Computer4, 2021-07-12, 2021-08-15](1)" classname="crudTests.PositiveTests" time="4.356">
    <system-err><![CDATA[1626423178422	geckodriver	INFO	Listening on 127.0.0.1:37580
1626423179146	mozrunner::runner	INFO	Running command: "/Applications/Firefox.app/Contents/MacOS/firefox-bin" "--marionette" "-foreground" "-no-remote" "-profile" "/var/folders/1_/d4qpprg123x0lfx1qsbsf0z40000gn/T/rust_mozprofileEhkqB0"
1626423189611	Marionette	INFO	Marionette enabled
console.warn: SearchSettings: "get: No settings file exists, new profile?" (new NotFoundError("Could not open the file at /var/folders/1_/d4qpprg123x0lfx1qsbsf0z40000gn/T/rust_mozprofileEhkqB0/search.json.mozlz4", (void 0)))
console.error: BackgroundUpdate: 
  _reasonsToNotScheduleUpdates: Failed to check for Maintenance Service Registry Key: [Exception... "Component returned failure code: 0x80004001 (NS_ERROR_NOT_IMPLEMENTED) [nsIUpdateProcessor.getServiceRegKeyExists]"  nsresult: "0x80004001 (NS_ERROR_NOT_IMPLEMENTED)"  location: "JS frame :: resource://gre/modules/BackgroundUpdate.jsm :: _reasonsToNotScheduleUpdates :: line 243"  data: no]
1626423198782	Marionette	INFO	Listening on port 51233
1626423198906	Marionette	WARN	TLS certificate errors will be ignored for this session
Jul 16, 2021 9:13:19 AM org.openqa.selenium.remote.ProtocolHandshake createSession
INFO: Detected dialect: W3C
1626423201491	geckodriver	INFO	Listening on 127.0.0.1:5380
1626423201844	mozrunner::runner	INFO	Running command: "/Applications/Firefox.app/Contents/MacOS/firefox-bin" "--marionette" "-foreground" "-no-remote" "-profile" "/var/folders/1_/d4qpprg123x0lfx1qsbsf0z40000gn/T/rust_mozprofileR8VzBl"
1626423209799	Marionette	INFO	Marionette enabled
console.warn: SearchSettings: "get: No settings file exists, new profile?" (new NotFoundError("Could not open the file at /var/folders/1_/d4qpprg123x0lfx1qsbsf0z40000gn/T/rust_mozprofileR8VzBl/search.json.mozlz4", (void 0)))
console.error: BackgroundUpdate: 
  _reasonsToNotScheduleUpdates: Failed to check for Maintenance Service Registry Key: [Exception... "Component returned failure code: 0x80004001 (NS_ERROR_NOT_IMPLEMENTED) [nsIUpdateProcessor.getServiceRegKeyExists]"  nsresult: "0x80004001 (NS_ERROR_NOT_IMPLEMENTED)"  location: "JS frame :: resource://gre/modules/BackgroundUpdate.jsm :: _reasonsToNotScheduleUpdates :: line 243"  data: no]
1626423236992	Marionette	INFO	Listening on port 51705
1626423237329	Marionette	WARN	TLS certificate errors will be ignored for this session
Jul 16, 2021 9:13:57 AM org.openqa.selenium.remote.ProtocolHandshake createSession
INFO: Detected dialect: W3C
[Parent 22509, IPC Launch #1] WARNING: parent WaitForMessage() failed: 0x10004003 (ipc/rcv) timed out: file /builds/worker/checkouts/gecko/ipc/glue/GeckoChildProcessHost.cpp:1298
[Parent 22509, IPC I/O Parent] WARNING: Failed to launch tab subprocess: file /builds/worker/checkouts/gecko/ipc/glue/GeckoChildProcessHost.cpp:762
[Parent 22509, IPC Launch #2] WARNING: parent WaitForMessage() failed: 0x10004003 (ipc/rcv) timed out: file /builds/worker/checkouts/gecko/ipc/glue/GeckoChildProcessHost.cpp:1298
[Parent 22509, IPC I/O Parent] WARNING: Failed to launch tab subprocess: file /builds/worker/checkouts/gecko/ipc/glue/GeckoChildProcessHost.cpp:762
1626423239476	geckodriver	INFO	Listening on 127.0.0.1:37766
1626423239684	mozrunner::runner	INFO	Running command: "/Applications/Firefox.app/Contents/MacOS/firefox-bin" "--marionette" "-foreground" "-no-remote" "-profile" "/var/folders/1_/d4qpprg123x0lfx1qsbsf0z40000gn/T/rust_mozprofile8wd3Fi"
1626423245790	Marionette	INFO	Marionette enabled
console.warn: SearchSettings: "get: No settings file exists, new profile?" (new NotFoundError("Could not open the file at /var/folders/1_/d4qpprg123x0lfx1qsbsf0z40000gn/T/rust_mozprofile8wd3Fi/search.json.mozlz4", (void 0)))
[Parent 22519, IPC Launch #1] WARNING: parent WaitForMessage() failed: 0x10004003 (ipc/rcv) timed out: file /builds/worker/checkouts/gecko/ipc/glue/GeckoChildProcessHost.cpp:1298
[Parent 22519, IPC I/O Parent] WARNING: Failed to launch tab subprocess: file /builds/worker/checkouts/gecko/ipc/glue/GeckoChildProcessHost.cpp:762
console.error: BackgroundUpdate: 
  _reasonsToNotScheduleUpdates: Failed to check for Maintenance Service Registry Key: [Exception... "Component returned failure code: 0x80004001 (NS_ERROR_NOT_IMPLEMENTED) [nsIUpdateProcessor.getServiceRegKeyExists]"  nsresult: "0x80004001 (NS_ERROR_NOT_IMPLEMENTED)"  location: "JS frame :: resource://gre/modules/BackgroundUpdate.jsm :: _reasonsToNotScheduleUpdates :: line 243"  data: no]
[Parent 22519, IPC Launch #2] WARNING: parent WaitForMessage() failed: 0x10004003 (ipc/rcv) timed out: file /builds/worker/checkouts/gecko/ipc/glue/GeckoChildProcessHost.cpp:1298
[Parent 22519, IPC I/O Parent] WARNING: Failed to launch tab subprocess: file /builds/worker/checkouts/gecko/ipc/glue/GeckoChildProcessHost.cpp:762
1626423279942	Marionette	INFO	Listening on port 52332
1626423280054	Marionette	WARN	TLS certificate errors will be ignored for this session
Jul 16, 2021 9:14:40 AM org.openqa.selenium.remote.ProtocolHandshake createSession
INFO: Detected dialect: W3C
1626423284765	Marionette	WARN	TimedPromise timed out after 500 ms: stacktrace:
TimedPromise/<@chrome://marionette/content/sync.js:237:19
TimedPromise@chrome://marionette/content/sync.js:222:10
interaction.flushEventLoop@chrome://marionette/content/interaction.js:431:10
webdriverClickElement@chrome://marionette/content/interaction.js:179:31
]]></system-err>
  </testcase>
  <testcase name="webDeleteComp_PT" classname="crudTests.PositiveTests" time="0.556"/>
  <testcase name="webUpdateComp_PT[VS Computer4, 2021-08-01, 2022-10-15](1)" classname="crudTests.PositiveTests" time="0.979"/>
  <testcase name="webCreateComp_NT[TD1, sdvd, sdvsd, confirm](1)" classname="crudTests.NegativeTests" time="1.101"/>
  <testcase name="webCreateComp_NT[, 2021-07-12, 2021-07-22, confirm](2)" classname="crudTests.NegativeTests" time="0.847"/>
  <testcase name="webCreateComp_NT[TD1, 2021-18-12, 2024-07-00, confirm](3)" classname="crudTests.NegativeTests" time="0.853"/>
  <testcase name="webCreateComp_NT[TD1, 2021-07-12, 2021-07-22, cancel](4)" classname="crudTests.NegativeTests" time="0.631"/>
  <testcase name="webDeleteComp_NT" classname="crudTests.NegativeTests" time="0.317"/>
  <testcase name="webUpdateComp_NT[TD1, sdvd, sdvsd, confirm](1)" classname="crudTests.NegativeTests" time="0.864"/>
  <testcase name="webUpdateComp_NT[, 2021-07-12, 2021-07-22, confirm](2)" classname="crudTests.NegativeTests" time="0.856"/>
  <testcase name="webUpdateComp_NT[TD1, 2021-18-12, 2024-07-00, confirm](3)" classname="crudTests.NegativeTests" time="0.817"/>
  <testcase name="webUpdateComp_NT[TD1, 2021-07-12, 2021-07-22, cancel](4)" classname="crudTests.NegativeTests" time="0.663"/>
  <testcase name="webFilterName[TD1](1)" classname="edgeTests.FilterComputer" time="0.546"/>
  <testcase name="webFilterName[td1](2)" classname="edgeTests.FilterComputer" time="0.245"/>
  <testcase name="webFilterName[td](3)" classname="edgeTests.FilterComputer" time="0.208"/>
  <testcase name="webFilterName[HElloC@mp](4)" classname="edgeTests.FilterComputer" time="0.204"/>
  <testcase name="webFilterName[checkError](5)" classname="edgeTests.FilterComputer" time="0.039"/>
</testsuite>