<?xml version="1.0" encoding="UTF-8"?>
<testng-results ignored="0" total="17" passed="17" failed="0" skipped="0">
  <reporter-output>
  </reporter-output>
  <suite started-at="2021-07-16T09:06:42 BST" name="Suite" finished-at="2021-07-16T09:09:03 BST" duration-ms="141494">
    <groups>
    </groups>
    <test started-at="2021-07-16T09:06:42 BST" name="Regression" finished-at="2021-07-16T09:09:03 BST" duration-ms="141494">
      <class name="crudTests.NegativeTests">
        <test-method is-config="true" signature="init()[pri:0, instance:crudTests.NegativeTests@3a393455]" started-at="2021-07-16T09:07:19 BST" name="init" finished-at="2021-07-16T09:07:44 BST" duration-ms="24202" status="PASS">
          <reporter-output>
          </reporter-output>
        </test-method> <!-- init -->
        <test-method signature="webCreateComp_NT(java.lang.String,java.lang.String,java.lang.String,java.lang.String)[pri:0, instance:crudTests.NegativeTests@3a393455]" started-at="2021-07-16T09:08:22 BST" name="webCreateComp_NT" data-provider="getData" finished-at="2021-07-16T09:08:43 BST" duration-ms="21925" status="PASS">
          <params>
            <param index="0">
              <value>
                <![CDATA[TD1]]>
              </value>
            </param>
            <param index="1">
              <value>
                <![CDATA[sdvd]]>
              </value>
            </param>
            <param index="2">
              <value>
                <![CDATA[sdvsd]]>
              </value>
            </param>
            <param index="3">
              <value>
                <![CDATA[confirm]]>
              </value>
            </param>
          </params>
          <reporter-output>
          </reporter-output>
        </test-method> <!-- webCreateComp_NT -->
        <test-method signature="webCreateComp_NT(java.lang.String,java.lang.String,java.lang.String,java.lang.String)[pri:0, instance:crudTests.NegativeTests@3a393455]" started-at="2021-07-16T09:08:43 BST" name="webCreateComp_NT" data-provider="getData" finished-at="2021-07-16T09:08:46 BST" duration-ms="2969" status="PASS">
          <params>
            <param index="0">
              <value>
                <![CDATA[]]>
              </value>
            </param>
            <param index="1">
              <value>
                <![CDATA[2021-07-12]]>
              </value>
            </param>
            <param index="2">
              <value>
                <![CDATA[2021-07-22]]>
              </value>
            </param>
            <param index="3">
              <value>
                <![CDATA[confirm]]>
              </value>
            </param>
          </params>
          <reporter-output>
          </reporter-output>
        </test-method> <!-- webCreateComp_NT -->
        <test-method signature="webCreateComp_NT(java.lang.String,java.lang.String,java.lang.String,java.lang.String)[pri:0, instance:crudTests.NegativeTests@3a393455]" started-at="2021-07-16T09:08:46 BST" name="webCreateComp_NT" data-provider="getData" finished-at="2021-07-16T09:08:47 BST" duration-ms="957" status="PASS">
          <params>
            <param index="0">
              <value>
                <![CDATA[TD1]]>
              </value>
            </param>
            <param index="1">
              <value>
                <![CDATA[2021-18-12]]>
              </value>
            </param>
            <param index="2">
              <value>
                <![CDATA[2024-07-00]]>
              </value>
            </param>
            <param index="3">
              <value>
                <![CDATA[confirm]]>
              </value>
            </param>
          </params>
          <reporter-output>
          </reporter-output>
        </test-method> <!-- webCreateComp_NT -->
        <test-method signature="webCreateComp_NT(java.lang.String,java.lang.String,java.lang.String,java.lang.String)[pri:0, instance:crudTests.NegativeTests@3a393455]" started-at="2021-07-16T09:08:47 BST" name="webCreateComp_NT" data-provider="getData" finished-at="2021-07-16T09:08:48 BST" duration-ms="672" status="PASS">
          <params>
            <param index="0">
              <value>
                <![CDATA[TD1]]>
              </value>
            </param>
            <param index="1">
              <value>
                <![CDATA[2021-07-12]]>
              </value>
            </param>
            <param index="2">
              <value>
                <![CDATA[2021-07-22]]>
              </value>
            </param>
            <param index="3">
              <value>
                <![CDATA[cancel]]>
              </value>
            </param>
          </params>
          <reporter-output>
          </reporter-output>
        </test-method> <!-- webCreateComp_NT -->
        <test-method signature="webDeleteComp_NT()[pri:0, instance:crudTests.NegativeTests@3a393455]" started-at="2021-07-16T09:08:48 BST" name="webDeleteComp_NT" finished-at="2021-07-16T09:08:49 BST" duration-ms="752" status="PASS">
          <reporter-output>
          </reporter-output>
        </test-method> <!-- webDeleteComp_NT -->
        <test-method signature="webUpdateComp_NT(java.lang.String,java.lang.String,java.lang.String,java.lang.String)[pri:0, instance:crudTests.NegativeTests@3a393455]" started-at="2021-07-16T09:08:49 BST" name="webUpdateComp_NT" data-provider="getData" finished-at="2021-07-16T09:08:50 BST" duration-ms="1086" status="PASS">
          <params>
            <param index="0">
              <value>
                <![CDATA[TD1]]>
              </value>
            </param>
            <param index="1">
              <value>
                <![CDATA[sdvd]]>
              </value>
            </param>
            <param index="2">
              <value>
                <![CDATA[sdvsd]]>
              </value>
            </param>
            <param index="3">
              <value>
                <![CDATA[confirm]]>
              </value>
            </param>
          </params>
          <reporter-output>
          </reporter-output>
        </test-method> <!-- webUpdateComp_NT -->
        <test-method signature="webUpdateComp_NT(java.lang.String,java.lang.String,java.lang.String,java.lang.String)[pri:0, instance:crudTests.NegativeTests@3a393455]" started-at="2021-07-16T09:08:50 BST" name="webUpdateComp_NT" data-provider="getData" finished-at="2021-07-16T09:08:51 BST" duration-ms="993" status="PASS">
          <params>
            <param index="0">
              <value>
                <![CDATA[]]>
              </value>
            </param>
            <param index="1">
              <value>
                <![CDATA[2021-07-12]]>
              </value>
            </param>
            <param index="2">
              <value>
                <![CDATA[2021-07-22]]>
              </value>
            </param>
            <param index="3">
              <value>
                <![CDATA[confirm]]>
              </value>
            </param>
          </params>
          <reporter-output>
          </reporter-output>
        </test-method> <!-- webUpdateComp_NT -->
        <test-method signature="webUpdateComp_NT(java.lang.String,java.lang.String,java.lang.String,java.lang.String)[pri:0, instance:crudTests.NegativeTests@3a393455]" started-at="2021-07-16T09:08:51 BST" name="webUpdateComp_NT" data-provider="getData" finished-at="2021-07-16T09:08:52 BST" duration-ms="938" status="PASS">
          <params>
            <param index="0">
              <value>
                <![CDATA[TD1]]>
              </value>
            </param>
            <param index="1">
              <value>
                <![CDATA[2021-18-12]]>
              </value>
            </param>
            <param index="2">
              <value>
                <![CDATA[2024-07-00]]>
              </value>
            </param>
            <param index="3">
              <value>
                <![CDATA[confirm]]>
              </value>
            </param>
          </params>
          <reporter-output>
          </reporter-output>
        </test-method> <!-- webUpdateComp_NT -->
        <test-method signature="webUpdateComp_NT(java.lang.String,java.lang.String,java.lang.String,java.lang.String)[pri:0, instance:crudTests.NegativeTests@3a393455]" started-at="2021-07-16T09:08:52 BST" name="webUpdateComp_NT" data-provider="getData" finished-at="2021-07-16T09:08:53 BST" duration-ms="688" status="PASS">
          <params>
            <param index="0">
              <value>
                <![CDATA[TD1]]>
              </value>
            </param>
            <param index="1">
              <value>
                <![CDATA[2021-07-12]]>
              </value>
            </param>
            <param index="2">
              <value>
                <![CDATA[2021-07-22]]>
              </value>
            </param>
            <param index="3">
              <value>
                <![CDATA[cancel]]>
              </value>
            </param>
          </params>
          <reporter-output>
          </reporter-output>
        </test-method> <!-- webUpdateComp_NT -->
        <test-method is-config="true" signature="quit()[pri:0, instance:crudTests.NegativeTests@3a393455]" started-at="2021-07-16T09:09:01 BST" name="quit" finished-at="2021-07-16T09:09:02 BST" duration-ms="838" status="PASS">
          <reporter-output>
          </reporter-output>
        </test-method> <!-- quit -->
      </class> <!-- crudTests.NegativeTests -->
      <class name="crudTests.PositiveTests">
        <test-method is-config="true" signature="init()[pri:0, instance:crudTests.PositiveTests@260e86a1]" started-at="2021-07-16T09:07:44 BST" name="init" finished-at="2021-07-16T09:08:12 BST" duration-ms="27964" status="PASS">
          <reporter-output>
          </reporter-output>
        </test-method> <!-- init -->
        <test-method signature="webCreateComp_PT(java.lang.String,java.lang.String,java.lang.String)[pri:0, instance:crudTests.PositiveTests@260e86a1]" started-at="2021-07-16T09:08:12 BST" name="webCreateComp_PT" data-provider="getData" finished-at="2021-07-16T09:08:19 BST" duration-ms="6469" status="PASS">
          <params>
            <param index="0">
              <value>
                <![CDATA[TD Computer4]]>
              </value>
            </param>
            <param index="1">
              <value>
                <![CDATA[2021-07-12]]>
              </value>
            </param>
            <param index="2">
              <value>
                <![CDATA[2021-08-15]]>
              </value>
            </param>
          </params>
          <reporter-output>
          </reporter-output>
        </test-method> <!-- webCreateComp_PT -->
        <test-method signature="webDeleteComp_PT()[pri:0, instance:crudTests.PositiveTests@260e86a1]" started-at="2021-07-16T09:08:19 BST" name="webDeleteComp_PT" finished-at="2021-07-16T09:08:20 BST" duration-ms="1057" status="PASS">
          <reporter-output>
          </reporter-output>
        </test-method> <!-- webDeleteComp_PT -->
        <test-method signature="webUpdateComp_PT(java.lang.String,java.lang.String,java.lang.String)[pri:0, instance:crudTests.PositiveTests@260e86a1]" started-at="2021-07-16T09:08:20 BST" name="webUpdateComp_PT" data-provider="getDataUpdate" finished-at="2021-07-16T09:08:22 BST" duration-ms="1442" status="PASS">
          <params>
            <param index="0">
              <value>
                <![CDATA[VS Computer4]]>
              </value>
            </param>
            <param index="1">
              <value>
                <![CDATA[2021-08-01]]>
              </value>
            </param>
            <param index="2">
              <value>
                <![CDATA[2022-10-15]]>
              </value>
            </param>
          </params>
          <reporter-output>
          </reporter-output>
        </test-method> <!-- webUpdateComp_PT -->
        <test-method is-config="true" signature="quit()[pri:0, instance:crudTests.PositiveTests@260e86a1]" started-at="2021-07-16T09:09:02 BST" name="quit" finished-at="2021-07-16T09:09:03 BST" duration-ms="924" status="PASS">
          <reporter-output>
          </reporter-output>
        </test-method> <!-- quit -->
      </class> <!-- crudTests.PositiveTests -->
      <class name="edgeTests.FilterComputer">
        <test-method is-config="true" signature="init()[pri:0, instance:edgeTests.FilterComputer@13518f37]" started-at="2021-07-16T09:06:42 BST" name="init" finished-at="2021-07-16T09:07:19 BST" duration-ms="37651" status="PASS">
          <reporter-output>
          </reporter-output>
        </test-method> <!-- init -->
        <test-method signature="webFilterName(java.lang.String)[pri:0, instance:edgeTests.FilterComputer@13518f37]" started-at="2021-07-16T09:08:53 BST" name="webFilterName" data-provider="getData" finished-at="2021-07-16T09:08:54 BST" duration-ms="1392" status="PASS">
          <params>
            <param index="0">
              <value>
                <![CDATA[TD1]]>
              </value>
            </param>
          </params>
          <reporter-output>
          </reporter-output>
        </test-method> <!-- webFilterName -->
        <test-method signature="webFilterName(java.lang.String)[pri:0, instance:edgeTests.FilterComputer@13518f37]" started-at="2021-07-16T09:08:54 BST" name="webFilterName" data-provider="getData" finished-at="2021-07-16T09:08:54 BST" duration-ms="247" status="PASS">
          <params>
            <param index="0">
              <value>
                <![CDATA[td1]]>
              </value>
            </param>
          </params>
          <reporter-output>
          </reporter-output>
        </test-method> <!-- webFilterName -->
        <test-method signature="webFilterName(java.lang.String)[pri:0, instance:edgeTests.FilterComputer@13518f37]" started-at="2021-07-16T09:08:54 BST" name="webFilterName" data-provider="getData" finished-at="2021-07-16T09:08:55 BST" duration-ms="338" status="PASS">
          <params>
            <param index="0">
              <value>
                <![CDATA[td]]>
              </value>
            </param>
          </params>
          <reporter-output>
          </reporter-output>
        </test-method> <!-- webFilterName -->
        <test-method signature="webFilterName(java.lang.String)[pri:0, instance:edgeTests.FilterComputer@13518f37]" started-at="2021-07-16T09:08:55 BST" name="webFilterName" data-provider="getData" finished-at="2021-07-16T09:08:55 BST" duration-ms="258" status="PASS">
          <params>
            <param index="0">
              <value>
                <![CDATA[HElloC@mp]]>
              </value>
            </param>
          </params>
          <reporter-output>
          </reporter-output>
        </test-method> <!-- webFilterName -->
        <test-method signature="webFilterName(java.lang.String)[pri:0, instance:edgeTests.FilterComputer@13518f37]" started-at="2021-07-16T09:08:55 BST" name="webFilterName" data-provider="getData" finished-at="2021-07-16T09:08:55 BST" duration-ms="80" status="PASS">
          <params>
            <param index="0">
              <value>
                <![CDATA[checkError]]>
              </value>
            </param>
          </params>
          <reporter-output>
          </reporter-output>
        </test-method> <!-- webFilterName -->
        <test-method is-config="true" signature="quit()[pri:0, instance:edgeTests.FilterComputer@13518f37]" started-at="2021-07-16T09:08:55 BST" name="quit" finished-at="2021-07-16T09:09:01 BST" duration-ms="6117" status="PASS">
          <reporter-output>
          </reporter-output>
        </test-method> <!-- quit -->
      </class> <!-- edgeTests.FilterComputer -->
    </test> <!-- Regression -->
  </suite> <!-- Suite -->
</testng-results>
